2015-06-20 21:34:53 INFO  [StartWebDriver] - [getFireFoxDriver]  Using Firefox Driver 
2015-06-20 21:34:59 INFO  [WindowHelper] - [windowMaximize]  windowMaximize  
2015-06-20 21:35:46 INFO  [LinkHelper] - [clickLink]  clickLink : File a Bug
2015-06-20 21:36:17 INFO  [TextBoxHelper] - [typeInTextBox]  typeInTextBox : Bugzilla_login Value : rahul@bugzila.com
2015-06-20 21:36:30 INFO  [TextBoxHelper] - [typeInTextBox]  typeInTextBox : Bugzilla_password Value : rathore
2015-06-20 21:36:49 INFO  [ButtonHelper] - [clickButton]  Clicked on Button : Bugzilla_restrictlogin
2015-06-20 21:37:03 INFO  [ButtonHelper] - [clickButton]  Clicked on Button : log_in
2015-06-20 21:37:18 INFO  [LinkHelper] - [clickLink]  clickLink : Testng
2015-06-20 21:37:23 INFO  [ComboBoxHelper] - [selectByVisibleText]  Select By Text : rep_platform : Text : Other
2015-06-20 21:37:28 INFO  [ButtonHelper] - [clickButton]  Clicked on Button : //div[@id='header']/ul[1]/li[11]/a
2015-06-20 21:37:56 INFO  [WindowHelper] - [navigateToPage]  navigateToPage : http://codingbat.com/
2015-06-20 21:38:01 INFO  [TextBoxHelper] - [typeInTextBox]  typeInTextBox : //input[@name='uname'] Value : rahulrathore_2007@yahoo.co.in
2015-06-20 21:38:05 INFO  [TextBoxHelper] - [typeInTextBox]  typeInTextBox : //input[@name='pw'] Value : bomber
2015-06-20 21:38:11 INFO  [ButtonHelper] - [clickButton]  Clicked on Button : //input[@name='dologin']
2015-06-20 21:38:12 INFO  [LinkHelper] - [clickLink]  clickLink : about
2015-06-20 21:38:13 INFO  [LinkHelper] - [clickLink]  clickLink : home
2015-06-20 21:38:19 INFO  [ButtonHelper] - [clickButton]  Clicked on Button : //a[text()='(log out)']
2015-06-20 21:38:48 INFO  [StartWebDriver] - [getFireFoxDriver]  Using Firefox Driver 
2015-06-20 21:38:53 INFO  [WindowHelper] - [windowMaximize]  windowMaximize  
2015-06-20 21:38:55 INFO  [LinkHelper] - [clickLink]  clickLink : File a Bug
2015-06-20 21:38:58 INFO  [TextBoxHelper] - [typeInTextBox]  typeInTextBox : Bugzilla_login Value : rahul@bugzila.com
2015-06-20 21:39:00 INFO  [TextBoxHelper] - [typeInTextBox]  typeInTextBox : Bugzilla_password Value : rathore
2015-06-20 21:39:00 INFO  [ButtonHelper] - [clickButton]  Clicked on Button : Bugzilla_restrictlogin
2015-06-20 21:39:04 INFO  [ButtonHelper] - [clickButton]  Clicked on Button : log_in
2015-06-20 21:39:05 INFO  [LinkHelper] - [clickLink]  clickLink : Testng
2015-06-20 21:39:11 INFO  [ComboBoxHelper] - [selectByVisibleText]  Select By Text : rep_platform : Text : Other
2015-06-20 21:39:15 INFO  [ButtonHelper] - [clickButton]  Clicked on Button : //div[@id='header']/ul[1]/li[11]/a
2015-06-20 21:39:21 INFO  [WindowHelper] - [navigateToPage]  navigateToPage : http://codingbat.com/
2015-06-20 21:39:26 INFO  [TextBoxHelper] - [typeInTextBox]  typeInTextBox : //input[@name='uname'] Value : rahulrathore_2007@yahoo.co.in
2015-06-20 21:39:30 INFO  [TextBoxHelper] - [typeInTextBox]  typeInTextBox : //input[@name='pw'] Value : bomber
2015-06-20 21:39:36 INFO  [ButtonHelper] - [clickButton]  Clicked on Button : //input[@name='dologin']
2015-06-20 21:39:38 INFO  [LinkHelper] - [clickLink]  clickLink : about
2015-06-20 21:39:39 INFO  [LinkHelper] - [clickLink]  clickLink : home
2015-06-20 21:39:44 INFO  [ButtonHelper] - [clickButton]  Clicked on Button : //a[text()='(log out)']
