2015-06-14 15:15:58 INFO  [StartWebDriver] - [getFireFoxDriver]  Using Firefox Driver 
2015-06-14 15:16:02 INFO  [WindowHelper] - [windowMaximize]  windowMaximize  
2015-06-14 15:25:03 INFO  [StartWebDriver] - [getFireFoxDriver]  Using Firefox Driver 
2015-06-14 15:25:07 INFO  [WindowHelper] - [windowMaximize]  windowMaximize  
2015-06-14 15:25:09 INFO  [LinkHelper] - [clickLink]  clickLink : File a Bug
2015-06-14 15:25:12 INFO  [TextBoxHelper] - [typeUsingKeyWord]  typeInTextBox : id Value : rahul@bugzila.com
2015-06-14 15:25:13 INFO  [TextBoxHelper] - [typeUsingKeyWord]  typeInTextBox : id Value : rathore
2015-06-14 15:25:13 INFO  [ButtonHelper] - [clickUsingKeyWord]  Clicked on Button : Bugzilla_restrictlogin
2015-06-14 15:25:16 INFO  [ButtonHelper] - [clickUsingKeyWord]  Clicked on Button : log_in
2015-06-14 15:25:20 INFO  [LinkHelper] - [clickLink]  clickLink : Testng
2015-06-14 15:25:20 INFO  [ComboBoxHelper] - [selectByKeyWord]  Select By Text : rep_platform : Text : Other
2015-06-14 15:25:27 INFO  [ButtonHelper] - [clickUsingKeyWord]  Clicked on Button : //div[@id='header']/ul[1]/li[11]/a
2015-06-14 15:38:40 INFO  [StartWebDriver] - [getFireFoxDriver]  Using Firefox Driver 
2015-06-14 15:38:43 INFO  [WindowHelper] - [windowMaximize]  windowMaximize  
2015-06-14 15:38:45 INFO  [LinkHelper] - [clickLink]  clickLink : File a Bug
2015-06-14 15:38:47 INFO  [TextBoxHelper] - [typeUsingKeyWord]  typeInTextBox : id Value : rahul@bugzila.com
2015-06-14 15:38:48 INFO  [TextBoxHelper] - [typeUsingKeyWord]  typeInTextBox : id Value : rathore
2015-06-14 15:38:48 INFO  [ButtonHelper] - [clickUsingKeyWord]  Clicked on Button : Bugzilla_restrictlogin
2015-06-14 15:38:51 INFO  [ButtonHelper] - [clickUsingKeyWord]  Clicked on Button : log_in
2015-06-14 15:38:54 INFO  [LinkHelper] - [clickLink]  clickLink : Testng
2015-06-14 15:38:55 INFO  [ComboBoxHelper] - [selectByKeyWord]  Select By Text : rep_platform : Text : Other
2015-06-14 15:39:02 INFO  [ButtonHelper] - [clickUsingKeyWord]  Clicked on Button : //div[@id='header']/ul[1]/li[11]/a
2015-06-14 15:39:04 INFO  [WindowHelper] - [navigateToPage]  navigateToPage : http://codingbat.com/
2015-06-14 15:39:08 INFO  [TextBoxHelper] - [typeUsingKeyWord]  typeInTextBox : name Value : rahulrathore_2007@yahoo.co.in
2015-06-14 15:39:13 INFO  [TextBoxHelper] - [typeUsingKeyWord]  typeInTextBox : name Value : bomber
2015-06-14 15:39:19 INFO  [ButtonHelper] - [clickUsingKeyWord]  Clicked on Button : //input[@name='dologin']
2015-06-14 15:39:20 INFO  [LinkHelper] - [clickLink]  clickLink : about
2015-06-14 15:39:21 INFO  [LinkHelper] - [clickLink]  clickLink : home
2015-06-14 15:39:25 ERROR [LinkHelper] - [clickLink]  Link Text Not Found : (log out)
2015-06-14 15:41:50 INFO  [StartWebDriver] - [getFireFoxDriver]  Using Firefox Driver 
2015-06-14 15:41:53 INFO  [WindowHelper] - [windowMaximize]  windowMaximize  
2015-06-14 15:41:55 INFO  [LinkHelper] - [clickLink]  clickLink : File a Bug
2015-06-14 15:41:57 INFO  [TextBoxHelper] - [typeUsingKeyWord]  typeInTextBox : id Value : rahul@bugzila.com
2015-06-14 15:41:58 INFO  [TextBoxHelper] - [typeUsingKeyWord]  typeInTextBox : id Value : rathore
2015-06-14 15:41:59 INFO  [ButtonHelper] - [clickUsingKeyWord]  Clicked on Button : Bugzilla_restrictlogin
2015-06-14 15:42:01 INFO  [ButtonHelper] - [clickUsingKeyWord]  Clicked on Button : log_in
2015-06-14 15:42:05 INFO  [LinkHelper] - [clickLink]  clickLink : Testng
2015-06-14 15:42:06 INFO  [ComboBoxHelper] - [selectByKeyWord]  Select By Text : rep_platform : Text : Other
2015-06-14 15:42:13 INFO  [ButtonHelper] - [clickUsingKeyWord]  Clicked on Button : //div[@id='header']/ul[1]/li[11]/a
2015-06-14 15:42:15 INFO  [WindowHelper] - [navigateToPage]  navigateToPage : http://codingbat.com/
2015-06-14 15:42:20 INFO  [TextBoxHelper] - [typeUsingKeyWord]  typeInTextBox : name Value : rahulrathore_2007@yahoo.co.in
2015-06-14 15:42:24 INFO  [TextBoxHelper] - [typeUsingKeyWord]  typeInTextBox : name Value : bomber
2015-06-14 15:42:30 INFO  [ButtonHelper] - [clickUsingKeyWord]  Clicked on Button : //input[@name='dologin']
2015-06-14 15:42:31 INFO  [LinkHelper] - [clickLink]  clickLink : about
2015-06-14 15:42:32 INFO  [LinkHelper] - [clickLink]  clickLink : home
2015-06-14 15:42:38 INFO  [ButtonHelper] - [clickUsingKeyWord]  Clicked on Button : //a[text()='(log out)']
