2017-02-25 13:07:04 INFO  [StartWebDriver] - [getChromeDriver]  Using Chrome Driver 
2017-02-25 13:07:28 INFO  [WindowHelper] - [windowMaximize]  windowMaximize  
2017-02-25 13:13:37 INFO  [StartWebDriver] - [getChromeDriver]  Using Chrome Driver 
2017-02-25 13:14:14 INFO  [ButtonHelper] - [clickButton]  Clicked on Button : //span[text()='One way']
2017-02-25 13:14:16 INFO  [TextBoxHelper] - [typeInTextBox]  typeInTextBox : reservationFlightSearchForm.originAirport Value : LAS
2017-02-25 13:14:21 INFO  [TextBoxHelper] - [typeInTextBox]  typeInTextBox : reservationFlightSearchForm.destinationAirport Value : NV
2017-02-25 13:14:21 INFO  [TextBoxHelper] - [typeInTextBox]  typeInTextBox : aa-leavingOn Value : 26/02/2017
2017-02-25 13:15:05 INFO  [ButtonHelper] - [clickButton]  Clicked on Button : bookingModule-submit
2017-02-25 13:21:05 INFO  [StartWebDriver] - [getChromeDriver]  Using Chrome Driver 
2017-02-25 13:21:17 INFO  [WindowHelper] - [windowMaximize]  windowMaximize  
2017-02-25 13:21:26 INFO  [ButtonHelper] - [clickButton]  Clicked on Button : //span[text()='One way']
2017-02-25 13:21:30 INFO  [TextBoxHelper] - [typeInTextBox]  typeInTextBox : reservationFlightSearchForm.originAirport Value : LAS
2017-02-25 13:21:38 INFO  [TextBoxHelper] - [typeInTextBox]  typeInTextBox : reservationFlightSearchForm.destinationAirport Value : VRN
2017-02-25 13:21:43 INFO  [TextBoxHelper] - [typeInTextBox]  typeInTextBox : aa-leavingOn Value : 26/02/2017
2017-02-25 13:21:44 INFO  [ButtonHelper] - [clickButton]  Clicked on Button : bookingModule-submit
2017-02-25 13:27:09 INFO  [StartWebDriver] - [getChromeDriver]  Using Chrome Driver 
2017-02-25 13:27:20 INFO  [WindowHelper] - [windowMaximize]  windowMaximize  
2017-02-25 13:27:25 INFO  [ButtonHelper] - [clickButton]  Clicked on Button : //span[text()='One way']
2017-02-25 13:27:25 INFO  [TextBoxHelper] - [typeInTextBox]  typeInTextBox : reservationFlightSearchForm.originAirport Value : LAS
2017-02-25 13:27:26 INFO  [TextBoxHelper] - [typeInTextBox]  typeInTextBox : reservationFlightSearchForm.destinationAirport Value : VRN
2017-02-25 13:27:28 INFO  [TextBoxHelper] - [typeInTextBox]  typeInTextBox : aa-leavingOn Value : 28/02/2017
2017-02-25 13:27:33 INFO  [ButtonHelper] - [clickButton]  Clicked on Button : bookingModule-submit
2017-02-25 13:29:38 INFO  [StartWebDriver] - [getChromeDriver]  Using Chrome Driver 
2017-02-25 13:29:50 INFO  [WindowHelper] - [windowMaximize]  windowMaximize  
2017-02-25 13:29:55 INFO  [ButtonHelper] - [clickButton]  Clicked on Button : //span[text()='One way']
2017-02-25 13:29:55 INFO  [TextBoxHelper] - [typeInTextBox]  typeInTextBox : reservationFlightSearchForm.originAirport Value : LAS
2017-02-25 13:29:56 INFO  [TextBoxHelper] - [typeInTextBox]  typeInTextBox : reservationFlightSearchForm.destinationAirport Value : VRN
2017-02-25 13:29:58 INFO  [TextBoxHelper] - [clear]  Clear 
2017-02-25 13:29:58 INFO  [TextBoxHelper] - [typeInTextBox]  typeInTextBox : aa-leavingOn Value : 28/02/2017
2017-02-25 13:30:01 INFO  [ButtonHelper] - [clickButton]  Clicked on Button : bookingModule-submit
2017-02-25 13:30:37 INFO  [StartWebDriver] - [getChromeDriver]  Using Chrome Driver 
2017-02-25 13:30:47 INFO  [WindowHelper] - [windowMaximize]  windowMaximize  
2017-02-25 13:30:52 INFO  [ButtonHelper] - [clickButton]  Clicked on Button : //span[text()='One way']
2017-02-25 13:30:52 INFO  [TextBoxHelper] - [typeInTextBox]  typeInTextBox : reservationFlightSearchForm.originAirport Value : LAS
2017-02-25 13:30:54 INFO  [TextBoxHelper] - [typeInTextBox]  typeInTextBox : reservationFlightSearchForm.destinationAirport Value : VRN
2017-02-25 13:30:55 INFO  [TextBoxHelper] - [clear]  Clear 
2017-02-25 13:30:55 INFO  [TextBoxHelper] - [typeInTextBox]  typeInTextBox : aa-leavingOn Value : 28/02/2017
2017-02-25 13:30:56 INFO  [ButtonHelper] - [clickButton]  Clicked on Button : bookingModule-submit
2017-02-25 13:32:25 INFO  [StartWebDriver] - [getChromeDriver]  Using Chrome Driver 
2017-02-25 13:32:38 INFO  [WindowHelper] - [windowMaximize]  windowMaximize  
2017-02-25 13:32:43 INFO  [ButtonHelper] - [clickButton]  Clicked on Button : //span[text()='One way']
2017-02-25 13:32:43 INFO  [TextBoxHelper] - [typeInTextBox]  typeInTextBox : reservationFlightSearchForm.originAirport Value : LAS
2017-02-25 13:32:45 INFO  [TextBoxHelper] - [typeInTextBox]  typeInTextBox : reservationFlightSearchForm.destinationAirport Value : VRN
2017-02-25 13:32:46 INFO  [TextBoxHelper] - [clear]  Clear 
2017-02-25 13:32:46 INFO  [TextBoxHelper] - [typeInTextBox]  typeInTextBox : aa-leavingOn Value : 28/02/2017
2017-02-25 13:32:47 INFO  [ButtonHelper] - [clickButton]  Clicked on Button : bookingModule-submit
